<?xml version="1.0" encoding="UTF-8"?>
<robot generator="Robot 6.1 (Python 3.11.4 on win32)" generated="20230730 22:24:23.810" rpa="false" schemaversion="4">
<suite id="s1" name="Test Add A Player" source="C:\Users\Anita\Documents\GitHub\panelscout_robotframework\test_add_a_player.robot">
<test id="s1-t1" name="Login to the system" line="25">
<kw name="Open login page">
<kw name="Open Browser" library="SeleniumLibrary">
<arg>${LOGIN URL}</arg>
<arg>${BROWSER}</arg>
<doc>Opens a new browser instance to the optional ``url``.</doc>
<msg timestamp="20230730 22:24:23.983" level="INFO">Opening browser 'Chrome' to base url 'https://dareit.futbolkolektyw.pl/login'.</msg>
<status status="PASS" starttime="20230730 22:24:23.982" endtime="20230730 22:24:28.501"/>
</kw>
<status status="PASS" starttime="20230730 22:24:23.982" endtime="20230730 22:24:28.501"/>
</kw>
<kw name="Type in email">
<kw name="Input Text" library="SeleniumLibrary">
<arg>${EMAILINPUT}</arg>
<arg>user07@getnada.com</arg>
<doc>Types the given ``text`` into the text field identified by ``locator``.</doc>
<msg timestamp="20230730 22:24:28.502" level="INFO">Typing text 'user07@getnada.com' into text field 'xpath=//*[@id='login']'.</msg>
<status status="PASS" starttime="20230730 22:24:28.501" endtime="20230730 22:24:28.634"/>
</kw>
<status status="PASS" starttime="20230730 22:24:28.501" endtime="20230730 22:24:28.634"/>
</kw>
<kw name="Type in password">
<kw name="Input Text" library="SeleniumLibrary">
<arg>${PASSWORDINPUT}</arg>
<arg>Test-1234</arg>
<doc>Types the given ``text`` into the text field identified by ``locator``.</doc>
<msg timestamp="20230730 22:24:28.636" level="INFO">Typing text 'Test-1234' into text field 'xpath=//*[@id='password']'.</msg>
<status status="PASS" starttime="20230730 22:24:28.635" endtime="20230730 22:24:28.720"/>
</kw>
<status status="PASS" starttime="20230730 22:24:28.635" endtime="20230730 22:24:28.720"/>
</kw>
<kw name="Click on the Sign in button">
<kw name="Click Element" library="SeleniumLibrary">
<arg>${SIGNINBUTTON}</arg>
<doc>Click the element identified by ``locator``.</doc>
<msg timestamp="20230730 22:24:28.722" level="INFO">Clicking element 'xpath=//span[starts-with(@class,'MuiButton-label')]'.</msg>
<status status="PASS" starttime="20230730 22:24:28.722" endtime="20230730 22:24:28.764"/>
</kw>
<status status="PASS" starttime="20230730 22:24:28.721" endtime="20230730 22:24:28.764"/>
</kw>
<kw name="Click on the Add a player button">
<kw name="Wait Until Page Contains Element" library="SeleniumLibrary">
<arg>${ADDAPLAYERBUTTON}</arg>
<doc>Waits until the element ``locator`` appears on the current page.</doc>
<status status="PASS" starttime="20230730 22:24:28.765" endtime="20230730 22:24:31.252"/>
</kw>
<kw name="Click Element" library="SeleniumLibrary">
<arg>${ADDAPLAYERBUTTON}</arg>
<doc>Click the element identified by ``locator``.</doc>
<msg timestamp="20230730 22:24:31.252" level="INFO">Clicking element 'xpath=//*/div[2]/div/div/a/button/span[1]'.</msg>
<status status="PASS" starttime="20230730 22:24:31.252" endtime="20230730 22:24:31.300"/>
</kw>
<status status="PASS" starttime="20230730 22:24:28.765" endtime="20230730 22:24:31.300"/>
</kw>
<kw name="Type in player email">
<kw name="Wait Until Element Is Visible" library="SeleniumLibrary">
<arg>${EMAILPLAYERINPUT}</arg>
<doc>Waits until the element ``locator`` is visible.</doc>
<status status="PASS" starttime="20230730 22:24:31.301" endtime="20230730 22:24:31.538"/>
</kw>
<kw name="Input Text" library="SeleniumLibrary">
<arg>${EMAILPLAYERINPUT}</arg>
<arg>ewa.loki@o2.pl</arg>
<doc>Types the given ``text`` into the text field identified by ``locator``.</doc>
<msg timestamp="20230730 22:24:31.538" level="INFO">Typing text 'ewa.loki@o2.pl' into text field 'xpath=//*[@name='email']'.</msg>
<status status="PASS" starttime="20230730 22:24:31.538" endtime="20230730 22:24:31.638"/>
</kw>
<status status="PASS" starttime="20230730 22:24:31.300" endtime="20230730 22:24:31.638"/>
</kw>
<kw name="Type in Name">
<kw name="Input Text" library="SeleniumLibrary">
<arg>${NAMEINPUT}</arg>
<arg>Ewa</arg>
<doc>Types the given ``text`` into the text field identified by ``locator``.</doc>
<msg timestamp="20230730 22:24:31.640" level="INFO">Typing text 'Ewa' into text field 'xpath=//*[@name='name']'.</msg>
<status status="PASS" starttime="20230730 22:24:31.639" endtime="20230730 22:24:31.718"/>
</kw>
<status status="PASS" starttime="20230730 22:24:31.638" endtime="20230730 22:24:31.718"/>
</kw>
<kw name="Type in Surname">
<kw name="Input Text" library="SeleniumLibrary">
<arg>${SURNAMEINPUT}</arg>
<arg>Kowalska</arg>
<doc>Types the given ``text`` into the text field identified by ``locator``.</doc>
<msg timestamp="20230730 22:24:31.719" level="INFO">Typing text 'Kowalska' into text field 'xpath=//*[@name='surname']'.</msg>
<status status="PASS" starttime="20230730 22:24:31.718" endtime="20230730 22:24:31.819"/>
</kw>
<status status="PASS" starttime="20230730 22:24:31.718" endtime="20230730 22:24:31.819"/>
</kw>
<kw name="Type in Age">
<kw name="Input Text" library="SeleniumLibrary">
<arg>${AGEINPUT}</arg>
<arg>10.12.2002</arg>
<doc>Types the given ``text`` into the text field identified by ``locator``.</doc>
<msg timestamp="20230730 22:24:31.820" level="INFO">Typing text '10.12.2002' into text field 'xpath=//*[@name='age']'.</msg>
<status status="PASS" starttime="20230730 22:24:31.820" endtime="20230730 22:24:31.900"/>
</kw>
<status status="PASS" starttime="20230730 22:24:31.819" endtime="20230730 22:24:31.900"/>
</kw>
<kw name="Type in Main Position">
<kw name="Input Text" library="SeleniumLibrary">
<arg>${MAINPOSITIONINPUT}</arg>
<arg>365</arg>
<doc>Types the given ``text`` into the text field identified by ``locator``.</doc>
<msg timestamp="20230730 22:24:31.901" level="INFO">Typing text '365' into text field 'xpath=//*[@name='mainPosition']'.</msg>
<status status="PASS" starttime="20230730 22:24:31.901" endtime="20230730 22:24:31.983"/>
</kw>
<status status="PASS" starttime="20230730 22:24:31.900" endtime="20230730 22:24:31.983"/>
</kw>
<kw name="Click on the Submit button">
<kw name="Wait Until Page Contains Element" library="SeleniumLibrary">
<arg>${SUBMITBUTTON}</arg>
<doc>Waits until the element ``locator`` appears on the current page.</doc>
<status status="PASS" starttime="20230730 22:24:31.984" endtime="20230730 22:24:31.996"/>
</kw>
<kw name="Click Element" library="SeleniumLibrary">
<arg>${SUBMITBUTTON}</arg>
<doc>Click the element identified by ``locator``.</doc>
<msg timestamp="20230730 22:24:31.997" level="INFO">Clicking element 'xpath=//*/div[3]/button[1]/span[1]'.</msg>
<status status="PASS" starttime="20230730 22:24:31.997" endtime="20230730 22:24:32.071"/>
</kw>
<status status="PASS" starttime="20230730 22:24:31.983" endtime="20230730 22:24:32.071"/>
</kw>
<kw name="Click on the Main Page button">
<kw name="Wait Until Page Contains Element" library="SeleniumLibrary">
<arg>${MAINPAGEBUTTON}</arg>
<doc>Waits until the element ``locator`` appears on the current page.</doc>
<status status="PASS" starttime="20230730 22:24:32.072" endtime="20230730 22:24:32.085"/>
</kw>
<kw name="Click Element" library="SeleniumLibrary">
<arg>${MAINPAGEBUTTON}</arg>
<doc>Click the element identified by ``locator``.</doc>
<msg timestamp="20230730 22:24:32.086" level="INFO">Clicking element 'xpath=//div/div/div/ul[1]/div[1]/div[2]/span'.</msg>
<status status="PASS" starttime="20230730 22:24:32.085" endtime="20230730 22:24:32.132"/>
</kw>
<status status="PASS" starttime="20230730 22:24:32.072" endtime="20230730 22:24:32.132"/>
</kw>
<kw name="Assert Last created player">
<kw name="Wait Until Keyword Succeeds" library="BuiltIn">
<arg>1 min</arg>
<arg>1 sec</arg>
<arg>Wait Until Element Is Visible</arg>
<arg>${LASTCREATEDPLAYER}</arg>
<doc>Runs the specified keyword and retries if it fails.</doc>
<kw name="Wait Until Element Is Visible" library="SeleniumLibrary">
<arg>${LASTCREATEDPLAYER}</arg>
<doc>Waits until the element ``locator`` is visible.</doc>
<status status="PASS" starttime="20230730 22:24:32.133" endtime="20230730 22:24:32.607"/>
</kw>
<status status="PASS" starttime="20230730 22:24:32.133" endtime="20230730 22:24:32.607"/>
</kw>
<kw name="Element Text Should Be" library="SeleniumLibrary">
<arg>${LASTCREATEDPLAYER}</arg>
<arg>EWA KOWALSKA</arg>
<doc>Verifies that element ``locator`` contains exact the text ``expected``.</doc>
<msg timestamp="20230730 22:24:32.607" level="INFO">Verifying element 'xpath=//*/div[3]/div/div/a[1]/button/span[1]' contains exact text 'EWA KOWALSKA'.</msg>
<msg timestamp="20230730 22:24:32.736" level="INFO" html="true">&lt;/td&gt;&lt;/tr&gt;&lt;tr&gt;&lt;td colspan="3"&gt;&lt;a href="selenium-screenshot-2.png"&gt;&lt;img src="selenium-screenshot-2.png" width="800px"&gt;&lt;/a&gt;</msg>
<msg timestamp="20230730 22:24:32.736" level="FAIL">The text of element 'xpath=//*/div[3]/div/div/a[1]/button/span[1]' should have been 'EWA KOWALSKA' but it was 'ADAM ADAMSKI'.</msg>
<status status="FAIL" starttime="20230730 22:24:32.607" endtime="20230730 22:24:32.740"/>
</kw>
<kw name="Capture Page Screenshot" library="SeleniumLibrary">
<arg>C:/Users/Anita/Documents/GitHub/panelscout_robotframework/screenshots/add_a_player_screenshot.png</arg>
<doc>Takes a screenshot of the current page and embeds it into a log file.</doc>
<status status="NOT RUN" starttime="20230730 22:24:32.740" endtime="20230730 22:24:32.740"/>
</kw>
<status status="FAIL" starttime="20230730 22:24:32.133" endtime="20230730 22:24:32.740"/>
</kw>
<kw name="Close Browser" library="SeleniumLibrary" type="TEARDOWN">
<doc>Closes the current browser.</doc>
<status status="PASS" starttime="20230730 22:24:32.740" endtime="20230730 22:24:34.837"/>
</kw>
<status status="FAIL" starttime="20230730 22:24:23.981" endtime="20230730 22:24:34.837">The text of element 'xpath=//*/div[3]/div/div/a[1]/button/span[1]' should have been 'EWA KOWALSKA' but it was 'ADAM ADAMSKI'.</status>
</test>
<doc>Suite description #automated tests for scout website</doc>
<status status="FAIL" starttime="20230730 22:24:23.811" endtime="20230730 22:24:34.838"/>
</suite>
<statistics>
<total>
<stat pass="0" fail="1" skip="0">All Tests</stat>
</total>
<tag>
</tag>
<suite>
<stat pass="0" fail="1" skip="0" id="s1" name="Test Add A Player">Test Add A Player</stat>
</suite>
</statistics>
<errors>
</errors>
</robot>
