<?xml version="1.0" encoding="UTF-8"?>
<robot generator="Robot 6.1 (Python 3.11.4 on win32)" generated="20230725 21:55:18.775" rpa="false" schemaversion="4">
<suite id="s1" name="Test Sign Out" source="C:\Users\Anita\Documents\GitHub\panelscout_robotframework\test_sign_out.robot">
<test id="s1-t1" name="Login to the system" line="15">
<kw name="Open login page">
<kw name="Open Browser" library="SeleniumLibrary">
<arg>${LOGIN URL}</arg>
<arg>${BROWSER}</arg>
<doc>Opens a new browser instance to the optional ``url``.</doc>
<msg timestamp="20230725 21:55:19.249" level="INFO">Opening browser 'Chrome' to base url 'https://scouts-test.futbolkolektyw.pl/en'.</msg>
<status status="PASS" starttime="20230725 21:55:19.249" endtime="20230725 21:55:21.833"/>
</kw>
<kw name="Title Should Be" library="SeleniumLibrary">
<arg>Scouts panel - sign in</arg>
<doc>Verifies that the current page title equals ``title``.</doc>
<msg timestamp="20230725 21:55:21.843" level="INFO">Page title is 'Scouts panel - sign in'.</msg>
<status status="PASS" starttime="20230725 21:55:21.833" endtime="20230725 21:55:21.843"/>
</kw>
<status status="PASS" starttime="20230725 21:55:19.249" endtime="20230725 21:55:21.844"/>
</kw>
<kw name="Type in email">
<kw name="Input Text" library="SeleniumLibrary">
<arg>${EMAILINPUT}</arg>
<arg>user07@getnada.com</arg>
<doc>Types the given ``text`` into the text field identified by ``locator``.</doc>
<msg timestamp="20230725 21:55:21.846" level="INFO">Typing text 'user07@getnada.com' into text field 'xpath=//*[@id='login']'.</msg>
<status status="PASS" starttime="20230725 21:55:21.845" endtime="20230725 21:55:22.112"/>
</kw>
<status status="PASS" starttime="20230725 21:55:21.844" endtime="20230725 21:55:22.112"/>
</kw>
<kw name="Type in password">
<kw name="Input Text" library="SeleniumLibrary">
<arg>${PASSWORDINPUT}</arg>
<arg>Test-1234</arg>
<doc>Types the given ``text`` into the text field identified by ``locator``.</doc>
<msg timestamp="20230725 21:55:22.116" level="INFO">Typing text 'Test-1234' into text field 'xpath=//*[@id='password']'.</msg>
<status status="PASS" starttime="20230725 21:55:22.112" endtime="20230725 21:55:22.255"/>
</kw>
<status status="PASS" starttime="20230725 21:55:22.112" endtime="20230725 21:55:22.255"/>
</kw>
<kw name="CLick on the Submit button">
<kw name="Click Element" library="SeleniumLibrary">
<arg>xpath=//span[starts-with(@class,'MuiButton-label')]</arg>
<doc>Click the element identified by ``locator``.</doc>
<msg timestamp="20230725 21:55:22.255" level="INFO">Clicking element 'xpath=//span[starts-with(@class,'MuiButton-label')]'.</msg>
<status status="PASS" starttime="20230725 21:55:22.255" endtime="20230725 21:55:22.335"/>
</kw>
<status status="PASS" starttime="20230725 21:55:22.255" endtime="20230725 21:55:22.335"/>
</kw>
<kw name="Assert dashboard">
<kw name="Wait Until Keyword Succeeds" library="BuiltIn">
<arg>1 min</arg>
<arg>1 sec</arg>
<arg>Wait Until Element Is Visible</arg>
<arg>${PAGELOGO}</arg>
<doc>Runs the specified keyword and retries if it fails.</doc>
<kw name="Wait Until Element Is Visible" library="SeleniumLibrary">
<arg>${PAGELOGO}</arg>
<doc>Waits until the element ``locator`` is visible.</doc>
<status status="PASS" starttime="20230725 21:55:22.335" endtime="20230725 21:55:25.435"/>
</kw>
<status status="PASS" starttime="20230725 21:55:22.335" endtime="20230725 21:55:25.435"/>
</kw>
<kw name="Title Should Be" library="SeleniumLibrary">
<arg>Scouts panel</arg>
<doc>Verifies that the current page title equals ``title``.</doc>
<msg timestamp="20230725 21:55:25.443" level="INFO">Page title is 'Scouts panel'.</msg>
<status status="PASS" starttime="20230725 21:55:25.435" endtime="20230725 21:55:25.443"/>
</kw>
<status status="PASS" starttime="20230725 21:55:22.335" endtime="20230725 21:55:25.443"/>
</kw>
<kw name="Click on the Sign out button">
<kw name="Click Element" library="SeleniumLibrary">
<arg>${SIGNOUTBUTTON}</arg>
<doc>Click the element identified by ``locator``.</doc>
<msg timestamp="20230725 21:55:25.447" level="INFO">Clicking element 'xpath=//span[text()='Sign out']'.</msg>
<status status="PASS" starttime="20230725 21:55:25.443" endtime="20230725 21:55:25.535"/>
</kw>
<status status="PASS" starttime="20230725 21:55:25.443" endtime="20230725 21:55:25.535"/>
</kw>
<kw name="Assert login page">
<kw name="Title Should Be" library="SeleniumLibrary">
<arg>Scouts panel - sign in</arg>
<doc>Verifies that the current page title equals ``title``.</doc>
<msg timestamp="20230725 21:55:25.543" level="INFO">Page title is 'Scouts panel - sign in'.</msg>
<status status="PASS" starttime="20230725 21:55:25.535" endtime="20230725 21:55:25.543"/>
</kw>
<kw name="Capture Page Screenshot" library="SeleniumLibrary">
<arg>C:/Users/Anita/Documents/GitHub/panelscout_robotframework/screenshots/sign_out_screenshot.png</arg>
<doc>Takes a screenshot of the current page and embeds it into a log file.</doc>
<msg timestamp="20230725 21:55:25.675" level="INFO" html="true">&lt;/td&gt;&lt;/tr&gt;&lt;tr&gt;&lt;td colspan="3"&gt;&lt;a href="screenshots/sign_out_screenshot.png"&gt;&lt;img src="screenshots/sign_out_screenshot.png" width="800px"&gt;&lt;/a&gt;</msg>
<status status="PASS" starttime="20230725 21:55:25.543" endtime="20230725 21:55:25.675"/>
</kw>
<status status="PASS" starttime="20230725 21:55:25.535" endtime="20230725 21:55:25.675"/>
</kw>
<kw name="Close Browser" library="SeleniumLibrary" type="TEARDOWN">
<doc>Closes the current browser.</doc>
<status status="PASS" starttime="20230725 21:55:25.675" endtime="20230725 21:55:27.875"/>
</kw>
<status status="PASS" starttime="20230725 21:55:19.249" endtime="20230725 21:55:27.875"/>
</test>
<doc>Suite description #automated tests for scout website</doc>
<status status="PASS" starttime="20230725 21:55:18.775" endtime="20230725 21:55:27.875"/>
</suite>
<statistics>
<total>
<stat pass="1" fail="0" skip="0">All Tests</stat>
</total>
<tag>
</tag>
<suite>
<stat pass="1" fail="0" skip="0" id="s1" name="Test Sign Out">Test Sign Out</stat>
</suite>
</statistics>
<errors>
</errors>
</robot>
